# 插件
	【remote-ssh】   vs code 插件
# 工具	 
	【tabby】 ssh终端工具
	【electerm】 ssh终端工具
# 下载youtube视频
	【you-get】
	【youtube-dl】
# 下载工具
	【aria2】
# 梯子
	【xray】
	【trojan-go】
	【v2ray】  vless协议
	【trojan】
	【v2ray】  vmess协议


windows启用用户（举例：administrator）
	net user administrator /active:yes
windows禁用用户（举例：administrator）
	net user administrator /active:no
windows设置用户密码（举例：administrator 设置密码为：123）
	net user administrator 123


// 查看文件格式 youtube
youtube-dl -F https://www.youtube.com/watch?v=3dwek9yNPOo --proxy http://127.0.0.1:7890 

// 下载最好的音频视频 youtube
youtube-dl -f bestvideo+bestaudio https://www.youtube.com/watch?v=3dwek9yNPOo --proxy http://127.0.0.1:7890 

// aria2c下载最好的音频视频
youtube-dl -f bestvideo+bestaudio 'https://www.youtube.com/watch?v=c9RzZpV460k' --proxy http://127.0.0.1:7890  --external-downloader aria2c --external-downloader-args '--all-proxy http://127.0.0.1:7890 -x 16 -k 5M'

// aria2c下载哔哩哔哩
youtube-dl https://www.bilibili.com/video/BV1zq4y1p7ga  --external-downloader aria2c --external-downloader-args '-x 16 -k 3M'

